<?xml version="1.0" encoding="UTF-8"?>
<!-- Generated by org.testng.reporters.JUnitReportReporter -->
<testsuite hostname="Fatemas-MBP.fios-router.home" failures="0" tests="1" name="test.LogInPageTest" time="0.312" errors="0" timestamp="29 Mar 2021 01:00:20 GMT">
  <testcase classname="test.LogInPageTest" name="logInpageTest" time="0.312"/>
</testsuite> <!-- test.LogInPageTest -->
